<?xml version="1.0" encoding="UTF-8"?>
<!-- Generated by org.testng.reporters.JUnitXMLReporter -->
<testsuite hostname="LAPTOP-HBOCIAMD" name="Test" tests="4" failures="0" timestamp="14 Oct 2019 20:40:37 GMT" time="0.14" errors="0">
  <testcase name="m1" time="0.06" classname="P1.SampleTest"/>
  <testcase name="m2" time="0.01" classname="P1.SampleTest"/>
  <testcase name="m3" time="0.01" classname="P1.SampleTest"/>
  <testcase name="m4" time="0.01" classname="P1.SampleTest"/>
</testsuite> <!-- Test -->
