<?xml version="1.0" encoding="UTF-8"?>
<testng-results skipped="0" failed="0" total="4" passed="4">
  <reporter-output>
  </reporter-output>
  <suite name="Default suite" duration-ms="150" started-at="2019-10-14T20:17:08Z" finished-at="2019-10-14T20:17:09Z">
    <groups>
    </groups>
    <test name="Default test" duration-ms="150" started-at="2019-10-14T20:17:08Z" finished-at="2019-10-14T20:17:09Z">
      <class name="P1.SampleTest">
        <test-method status="PASS" signature="m1()[pri:0, instance:P1.SampleTest@4520ebad]" name="m1" duration-ms="50" started-at="2019-10-15T01:47:08Z" finished-at="2019-10-15T01:47:09Z">
          <reporter-output>
          </reporter-output>
        </test-method> <!-- m1 -->
        <test-method status="PASS" signature="m2()[pri:0, instance:P1.SampleTest@4520ebad]" name="m2" duration-ms="0" started-at="2019-10-15T01:47:09Z" finished-at="2019-10-15T01:47:09Z">
          <reporter-output>
          </reporter-output>
        </test-method> <!-- m2 -->
        <test-method status="PASS" signature="m3()[pri:0, instance:P1.SampleTest@4520ebad]" name="m3" duration-ms="0" started-at="2019-10-15T01:47:09Z" finished-at="2019-10-15T01:47:09Z">
          <reporter-output>
          </reporter-output>
        </test-method> <!-- m3 -->
        <test-method status="PASS" signature="m4()[pri:0, instance:P1.SampleTest@4520ebad]" name="m4" duration-ms="10" started-at="2019-10-15T01:47:09Z" finished-at="2019-10-15T01:47:09Z">
          <reporter-output>
          </reporter-output>
        </test-method> <!-- m4 -->
      </class> <!-- P1.SampleTest -->
    </test> <!-- Default test -->
  </suite> <!-- Default suite -->
</testng-results>
