<?xml version="1.0" encoding="UTF-8"?>
<testng-results skipped="0" failed="0" total="4" passed="4">
  <reporter-output>
  </reporter-output>
  <suite name="Suite" duration-ms="140" started-at="2019-10-14T19:00:57Z" finished-at="2019-10-14T19:00:57Z">
    <groups>
    </groups>
    <test name="Test" duration-ms="140" started-at="2019-10-14T19:00:57Z" finished-at="2019-10-14T19:00:57Z">
      <class name="P1.SampleTest">
        <test-method status="PASS" signature="m1()[pri:0, instance:P1.SampleTest@4520ebad]" name="m1" duration-ms="30" started-at="2019-10-15T00:30:57Z" finished-at="2019-10-15T00:30:57Z">
          <reporter-output>
          </reporter-output>
        </test-method> <!-- m1 -->
        <test-method status="PASS" signature="m2()[pri:0, instance:P1.SampleTest@4520ebad]" name="m2" duration-ms="10" started-at="2019-10-15T00:30:57Z" finished-at="2019-10-15T00:30:57Z">
          <reporter-output>
          </reporter-output>
        </test-method> <!-- m2 -->
        <test-method status="PASS" signature="m3()[pri:0, instance:P1.SampleTest@4520ebad]" name="m3" duration-ms="10" started-at="2019-10-15T00:30:57Z" finished-at="2019-10-15T00:30:57Z">
          <reporter-output>
          </reporter-output>
        </test-method> <!-- m3 -->
        <test-method status="PASS" signature="m4()[pri:0, instance:P1.SampleTest@4520ebad]" name="m4" duration-ms="0" started-at="2019-10-15T00:30:57Z" finished-at="2019-10-15T00:30:57Z">
          <reporter-output>
          </reporter-output>
        </test-method> <!-- m4 -->
      </class> <!-- P1.SampleTest -->
    </test> <!-- Test -->
  </suite> <!-- Suite -->
</testng-results>
