<?xml version="1.0" encoding="UTF-8"?>
<!-- Generated by org.testng.reporters.JUnitXMLReporter -->
<testsuite hostname="LAPTOP-HBOCIAMD" name="Default test" tests="4" failures="0" timestamp="14 Oct 2019 20:17:09 GMT" time="0.15" errors="0">
  <testcase name="m1" time="0.05" classname="P1.SampleTest"/>
  <testcase name="m2" time="0.0" classname="P1.SampleTest"/>
  <testcase name="m3" time="0.0" classname="P1.SampleTest"/>
  <testcase name="m4" time="0.01" classname="P1.SampleTest"/>
</testsuite> <!-- Default test -->
